Using pre-set license
Built from '2021.1/staging' branch; Version is '2021.1.6f1 (c0fade0cc7e9) revision 12647134'; Using compiler version '192528614'; Build Type 'Release'
OS: 'Windows 10 Pro; OS build 19043.1023; Version 2009; 64bit' Language: 'en' Physical Memory: 16195 MB
BatchMode: 1, IsHumanControllingUs: 0, StartBugReporterOnCrash: 0, Is64bit: 1, IsPro: 0

 COMMAND LINE ARGUMENTS:
F:\Documents\Unity\2021.1.6f1\Editor\Unity.exe
-adb2
-batchMode
-noUpm
-name
AssetImportWorker0
-projectPath
F:/Documents/Spun Mechanics/21T2-CIU212
-logFile
Logs/AssetImportWorker0.log
-srvPort
57717
Successfully changed project path to: F:/Documents/Spun Mechanics/21T2-CIU212
F:/Documents/Spun Mechanics/21T2-CIU212
Using Asset Import Pipeline V2.
Refreshing native plugins compatible for Editor in 98.87 ms, found 1 plugins.
Preloading 0 native plugins for Editor in 0.00 ms.
Initialize engine version: 2021.1.6f1 (c0fade0cc7e9)
[Subsystems] Discovering subsystems at path F:/Documents/Unity/2021.1.6f1/Editor/Data/Resources/UnitySubsystems
[Subsystems] Discovering subsystems at path F:/Documents/Spun Mechanics/21T2-CIU212/Assets
GfxDevice: creating device client; threaded=0; jobified=0
Direct3D:
    Version:  Direct3D 11.0 [level 11.1]
    Renderer: Radeon RX Vega M GL Graphics (ID=0x694e)
    Vendor:   ATI
    VRAM:     4044 MB
    Driver:   24.20.11001.8003
Initialize mono
Mono path[0] = 'F:/Documents/Unity/2021.1.6f1/Editor/Data/Managed'
Mono path[1] = 'F:/Documents/Unity/2021.1.6f1/Editor/Data/MonoBleedingEdge/lib/mono/unityjit'
Mono config path = 'F:/Documents/Unity/2021.1.6f1/Editor/Data/MonoBleedingEdge/etc'
Using monoOptions --debugger-agent=transport=dt_socket,embedding=1,server=y,suspend=n,address=127.0.0.1:56716
Begin MonoManager ReloadAssembly
Registering precompiled unity dll's ...
Register platform support module: F:/Documents/Unity/2021.1.6f1/Editor/Data/PlaybackEngines/WindowsStandaloneSupport/UnityEditor.WindowsStandalone.Extensions.dll
Registered in 0.003188 seconds.
Native extension for WindowsStandalone target not found
Refreshing native plugins compatible for Editor in 131.20 ms, found 1 plugins.
Preloading 0 native plugins for Editor in 0.00 ms.
Mono: successfully reloaded assembly
- Completed reload, in  1.378 seconds
Platform modules already initialized, skipping
Registering precompiled user dll's ...
Registered in 0.003981 seconds.
Begin MonoManager ReloadAssembly
Native extension for WindowsStandalone target not found
Refreshing native plugins compatible for Editor in 0.56 ms, found 1 plugins.
Preloading 0 native plugins for Editor in 0.00 ms.
Mono: successfully reloaded assembly
- Completed reload, in  2.096 seconds
Platform modules already initialized, skipping
========================================================================
Worker process is ready to serve import requests
Launched and connected shader compiler UnityShaderCompiler.exe after 0.16 seconds
Refreshing native plugins compatible for Editor in 0.77 ms, found 1 plugins.
Preloading 0 native plugins for Editor in 0.00 ms.
Unloading 3070 Unused Serialized files (Serialized files now loaded: 0)
System memory in use before: 114.7 MB.
System memory in use after: 114.9 MB.

Unloading 89 unused Assets to reduce memory usage. Loaded Objects now: 3506.
Total: 5.394900 ms (FindLiveObjects: 0.493700 ms CreateObjectMapping: 0.279100 ms MarkObjects: 4.309200 ms  DeleteObjects: 0.311500 ms)

========================================================================
Received Import Request.
  path: Assets/Scenes/SampleScene.unity
  artifactKey: Guid(9fc0d4010bbf28b4594072e72b8655ab) Importer(815301076,1909f56bfc062723c751e8b465ee728b)
Start importing Assets/Scenes/SampleScene.unity using Guid(9fc0d4010bbf28b4594072e72b8655ab) Importer(815301076,1909f56bfc062723c751e8b465ee728b)  -> (artifact id: 'dcc088d1731b590f9572c6f2bab98c6a') in 0.358287 seconds 
========================================================================
Received Import Request.
  Time since last request: 16.634716 seconds.
  path: Assets/Scenes/_Main.unity
  artifactKey: Guid(9fc0d4010bbf28b4594072e72b8655ab) Importer(815301076,1909f56bfc062723c751e8b465ee728b)
Start importing Assets/Scenes/_Main.unity using Guid(9fc0d4010bbf28b4594072e72b8655ab) Importer(815301076,1909f56bfc062723c751e8b465ee728b)  -> (artifact id: 'e82224f2c0a1f50f341e8dbc7ce11bb0') in 0.011192 seconds 
========================================================================
Received Import Request.
  Time since last request: 15.372196 seconds.
  path: Assets/Scenes
  artifactKey: Guid(a09d5de76f0f5dd488cb91c9a4f04ebc) Importer(815301076,1909f56bfc062723c751e8b465ee728b)
Start importing Assets/Scenes using Guid(a09d5de76f0f5dd488cb91c9a4f04ebc) Importer(815301076,1909f56bfc062723c751e8b465ee728b)  -> (artifact id: '9a62f0fb0b34c86a0abf6ca0120804e4') in 0.019294 seconds 
========================================================================
Received Import Request.
  Time since last request: 17.643765 seconds.
  path: Assets/Scenes/_NoelGameLevel.unity
  artifactKey: Guid(02662160df3ceb049b3dfe62b638efdb) Importer(815301076,1909f56bfc062723c751e8b465ee728b)
Start importing Assets/Scenes/_NoelGameLevel.unity using Guid(02662160df3ceb049b3dfe62b638efdb) Importer(815301076,1909f56bfc062723c751e8b465ee728b)  -> (artifact id: 'bcdb936c1cd65ba50c6c83689ed4f2fa') in 0.013493 seconds 
AssetImportWorkerClient::OnTransportError - code=2 error=End of file
